Analysis & Synthesis report for IfElseProject
Fri Mar 15 20:32:26 2024
Quartus Prime Version 22.1std.2 Build 922 07/20/2023 SC Lite Edition


---------------------
; Table of Contents ;
---------------------
  1. Legal Notice
  2. Analysis & Synthesis Summary
  3. Analysis & Synthesis Settings
  4. Parallel Compilation
  5. Analysis & Synthesis Source Files Read
  6. Analysis & Synthesis Resource Usage Summary
  7. Analysis & Synthesis Resource Utilization by Entity
  8. General Register Statistics
  9. Multiplexer Restructuring Statistics (Restructuring Performed)
 10. Parameter Settings for User Entity Instance: Top-level Entity: |ALU_NestedIfElse2
 11. Parameter Settings for Inferred Entity Instance: lpm_divide:Mod0
 12. Post-Synthesis Netlist Statistics for Top Partition
 13. Elapsed Time Per Partition
 14. Analysis & Synthesis Messages



----------------
; Legal Notice ;
----------------
Copyright (C) 2023  Intel Corporation. All rights reserved.
Your use of Intel Corporation's design tools, logic functions 
and other software and tools, and any partner logic 
functions, and any output files from any of the foregoing 
(including device programming or simulation files), and any 
associated documentation or information are expressly subject 
to the terms and conditions of the Intel Program License 
Subscription Agreement, the Intel Quartus Prime License Agreement,
the Intel FPGA IP License Agreement, or other applicable license
agreement, including, without limitation, that your use is for
the sole purpose of programming logic devices manufactured by
Intel and sold by Intel or its authorized distributors.  Please
refer to the applicable agreement for further details, at
https://fpgasoftware.intel.com/eula.



+-------------------------------------------------------------------------------------+
; Analysis & Synthesis Summary                                                        ;
+------------------------------------+------------------------------------------------+
; Analysis & Synthesis Status        ; Successful - Fri Mar 15 20:32:26 2024          ;
; Quartus Prime Version              ; 22.1std.2 Build 922 07/20/2023 SC Lite Edition ;
; Revision Name                      ; IfElseProject                                  ;
; Top-level Entity Name              ; ALU_NestedIfElse2                              ;
; Family                             ; Cyclone IV E                                   ;
; Total logic elements               ; 67                                             ;
;     Total combinational functions  ; 67                                             ;
;     Dedicated logic registers      ; 0                                              ;
; Total registers                    ; 0                                              ;
; Total pins                         ; 15                                             ;
; Total virtual pins                 ; 0                                              ;
; Total memory bits                  ; 0                                              ;
; Embedded Multiplier 9-bit elements ; 0                                              ;
; Total PLLs                         ; 0                                              ;
+------------------------------------+------------------------------------------------+


+------------------------------------------------------------------------------------------------------------+
; Analysis & Synthesis Settings                                                                              ;
+------------------------------------------------------------------+--------------------+--------------------+
; Option                                                           ; Setting            ; Default Value      ;
+------------------------------------------------------------------+--------------------+--------------------+
; Device                                                           ; EP4CE115F23C7      ;                    ;
; Top-level entity name                                            ; ALU_NestedIfElse2  ; IfElseProject      ;
; Family name                                                      ; Cyclone IV E       ; Cyclone V          ;
; Use smart compilation                                            ; Off                ; Off                ;
; Enable parallel Assembler and Timing Analyzer during compilation ; On                 ; On                 ;
; Enable compact report table                                      ; Off                ; Off                ;
; Restructure Multiplexers                                         ; Auto               ; Auto               ;
; Create Debugging Nodes for IP Cores                              ; Off                ; Off                ;
; Preserve fewer node names                                        ; On                 ; On                 ;
; Intel FPGA IP Evaluation Mode                                    ; Enable             ; Enable             ;
; Verilog Version                                                  ; Verilog_2001       ; Verilog_2001       ;
; VHDL Version                                                     ; VHDL_1993          ; VHDL_1993          ;
; State Machine Processing                                         ; Auto               ; Auto               ;
; Safe State Machine                                               ; Off                ; Off                ;
; Extract Verilog State Machines                                   ; On                 ; On                 ;
; Extract VHDL State Machines                                      ; On                 ; On                 ;
; Ignore Verilog initial constructs                                ; Off                ; Off                ;
; Iteration limit for constant Verilog loops                       ; 5000               ; 5000               ;
; Iteration limit for non-constant Verilog loops                   ; 250                ; 250                ;
; Add Pass-Through Logic to Inferred RAMs                          ; On                 ; On                 ;
; Infer RAMs from Raw Logic                                        ; On                 ; On                 ;
; Parallel Synthesis                                               ; On                 ; On                 ;
; DSP Block Balancing                                              ; Auto               ; Auto               ;
; NOT Gate Push-Back                                               ; On                 ; On                 ;
; Power-Up Don't Care                                              ; On                 ; On                 ;
; Remove Redundant Logic Cells                                     ; Off                ; Off                ;
; Remove Duplicate Registers                                       ; On                 ; On                 ;
; Ignore CARRY Buffers                                             ; Off                ; Off                ;
; Ignore CASCADE Buffers                                           ; Off                ; Off                ;
; Ignore GLOBAL Buffers                                            ; Off                ; Off                ;
; Ignore ROW GLOBAL Buffers                                        ; Off                ; Off                ;
; Ignore LCELL Buffers                                             ; Off                ; Off                ;
; Ignore SOFT Buffers                                              ; On                 ; On                 ;
; Limit AHDL Integers to 32 Bits                                   ; Off                ; Off                ;
; Optimization Technique                                           ; Balanced           ; Balanced           ;
; Carry Chain Length                                               ; 70                 ; 70                 ;
; Auto Carry Chains                                                ; On                 ; On                 ;
; Auto Open-Drain Pins                                             ; On                 ; On                 ;
; Perform WYSIWYG Primitive Resynthesis                            ; Off                ; Off                ;
; Auto ROM Replacement                                             ; On                 ; On                 ;
; Auto RAM Replacement                                             ; On                 ; On                 ;
; Auto DSP Block Replacement                                       ; On                 ; On                 ;
; Auto Shift Register Replacement                                  ; Auto               ; Auto               ;
; Allow Shift Register Merging across Hierarchies                  ; Auto               ; Auto               ;
; Auto Clock Enable Replacement                                    ; On                 ; On                 ;
; Strict RAM Replacement                                           ; Off                ; Off                ;
; Allow Synchronous Control Signals                                ; On                 ; On                 ;
; Force Use of Synchronous Clear Signals                           ; Off                ; Off                ;
; Auto RAM Block Balancing                                         ; On                 ; On                 ;
; Auto RAM to Logic Cell Conversion                                ; Off                ; Off                ;
; Auto Resource Sharing                                            ; Off                ; Off                ;
; Allow Any RAM Size For Recognition                               ; Off                ; Off                ;
; Allow Any ROM Size For Recognition                               ; Off                ; Off                ;
; Allow Any Shift Register Size For Recognition                    ; Off                ; Off                ;
; Use LogicLock Constraints during Resource Balancing              ; On                 ; On                 ;
; Ignore translate_off and synthesis_off directives                ; Off                ; Off                ;
; Timing-Driven Synthesis                                          ; On                 ; On                 ;
; Report Parameter Settings                                        ; On                 ; On                 ;
; Report Source Assignments                                        ; On                 ; On                 ;
; Report Connectivity Checks                                       ; On                 ; On                 ;
; Ignore Maximum Fan-Out Assignments                               ; Off                ; Off                ;
; Synchronization Register Chain Length                            ; 2                  ; 2                  ;
; Power Optimization During Synthesis                              ; Normal compilation ; Normal compilation ;
; HDL message level                                                ; Level2             ; Level2             ;
; Suppress Register Optimization Related Messages                  ; Off                ; Off                ;
; Number of Removed Registers Reported in Synthesis Report         ; 5000               ; 5000               ;
; Number of Swept Nodes Reported in Synthesis Report               ; 5000               ; 5000               ;
; Number of Inverted Registers Reported in Synthesis Report        ; 100                ; 100                ;
; Clock MUX Protection                                             ; On                 ; On                 ;
; Auto Gated Clock Conversion                                      ; Off                ; Off                ;
; Block Design Naming                                              ; Auto               ; Auto               ;
; SDC constraint protection                                        ; Off                ; Off                ;
; Synthesis Effort                                                 ; Auto               ; Auto               ;
; Shift Register Replacement - Allow Asynchronous Clear Signal     ; On                 ; On                 ;
; Pre-Mapping Resynthesis Optimization                             ; Off                ; Off                ;
; Analysis & Synthesis Message Level                               ; Medium             ; Medium             ;
; Disable Register Merging Across Hierarchies                      ; Auto               ; Auto               ;
; Resource Aware Inference For Block RAM                           ; On                 ; On                 ;
+------------------------------------------------------------------+--------------------+--------------------+


+------------------------------------------+
; Parallel Compilation                     ;
+----------------------------+-------------+
; Processors                 ; Number      ;
+----------------------------+-------------+
; Number detected on machine ; 4           ;
; Maximum allowed            ; 4           ;
;                            ;             ;
; Average used               ; 1.00        ;
; Maximum used               ; 1           ;
;                            ;             ;
; Usage by Processor         ; % Time Used ;
;     Processor 1            ; 100.0%      ;
+----------------------------+-------------+


+---------------------------------------------------------------------------------------------------------------------------------------------------------------------------------------------------------+
; Analysis & Synthesis Source Files Read                                                                                                                                                                  ;
+----------------------------------+-----------------+------------------------------+-----------------------------------------------------------------------------------------------------------+---------+
; File Name with User-Entered Path ; Used in Netlist ; File Type                    ; File Name with Absolute Path                                                                              ; Library ;
+----------------------------------+-----------------+------------------------------+-----------------------------------------------------------------------------------------------------------+---------+
; ../ALU_NestedIfElse2.vhd         ; yes             ; User VHDL File               ; //mac/AllFiles/Applications/CODESTUFF/StudyVHDL/EDABK/Homework/IfElseCases/ALU_NestedIfElse2.vhd          ;         ;
; lpm_divide.tdf                   ; yes             ; Megafunction                 ; c:/intelfpga_lite/22.1std/quartus/libraries/megafunctions/lpm_divide.tdf                                  ;         ;
; abs_divider.inc                  ; yes             ; Megafunction                 ; c:/intelfpga_lite/22.1std/quartus/libraries/megafunctions/abs_divider.inc                                 ;         ;
; sign_div_unsign.inc              ; yes             ; Megafunction                 ; c:/intelfpga_lite/22.1std/quartus/libraries/megafunctions/sign_div_unsign.inc                             ;         ;
; aglobal221.inc                   ; yes             ; Megafunction                 ; c:/intelfpga_lite/22.1std/quartus/libraries/megafunctions/aglobal221.inc                                  ;         ;
; db/lpm_divide_ano.tdf            ; yes             ; Auto-Generated Megafunction  ; //mac/AllFiles/Applications/CODESTUFF/StudyVHDL/EDABK/Homework/IfElseCases/Quartus/db/lpm_divide_ano.tdf  ;         ;
; db/abs_divider_2ag.tdf           ; yes             ; Auto-Generated Megafunction  ; //mac/AllFiles/Applications/CODESTUFF/StudyVHDL/EDABK/Homework/IfElseCases/Quartus/db/abs_divider_2ag.tdf ;         ;
; db/alt_u_div_24f.tdf             ; yes             ; Auto-Generated Megafunction  ; //mac/AllFiles/Applications/CODESTUFF/StudyVHDL/EDABK/Homework/IfElseCases/Quartus/db/alt_u_div_24f.tdf   ;         ;
; db/add_sub_7pc.tdf               ; yes             ; Auto-Generated Megafunction  ; //mac/AllFiles/Applications/CODESTUFF/StudyVHDL/EDABK/Homework/IfElseCases/Quartus/db/add_sub_7pc.tdf     ;         ;
; db/add_sub_8pc.tdf               ; yes             ; Auto-Generated Megafunction  ; //mac/AllFiles/Applications/CODESTUFF/StudyVHDL/EDABK/Homework/IfElseCases/Quartus/db/add_sub_8pc.tdf     ;         ;
; db/lpm_abs_1v9.tdf               ; yes             ; Auto-Generated Megafunction  ; //mac/AllFiles/Applications/CODESTUFF/StudyVHDL/EDABK/Homework/IfElseCases/Quartus/db/lpm_abs_1v9.tdf     ;         ;
+----------------------------------+-----------------+------------------------------+-----------------------------------------------------------------------------------------------------------+---------+


+----------------------------------------------------------------+
; Analysis & Synthesis Resource Usage Summary                    ;
+---------------------------------------------+------------------+
; Resource                                    ; Usage            ;
+---------------------------------------------+------------------+
; Estimated Total logic elements              ; 67               ;
;                                             ;                  ;
; Total combinational functions               ; 67               ;
; Logic element usage by number of LUT inputs ;                  ;
;     -- 4 input functions                    ; 27               ;
;     -- 3 input functions                    ; 26               ;
;     -- <=2 input functions                  ; 14               ;
;                                             ;                  ;
; Logic elements by mode                      ;                  ;
;     -- normal mode                          ; 54               ;
;     -- arithmetic mode                      ; 13               ;
;                                             ;                  ;
; Total registers                             ; 0                ;
;     -- Dedicated logic registers            ; 0                ;
;     -- I/O registers                        ; 0                ;
;                                             ;                  ;
; I/O pins                                    ; 15               ;
;                                             ;                  ;
; Embedded Multiplier 9-bit elements          ; 0                ;
;                                             ;                  ;
; Maximum fan-out node                        ; INPUT_B[0]~input ;
; Maximum fan-out                             ; 11               ;
; Total fan-out                               ; 229              ;
; Average fan-out                             ; 2.36             ;
+---------------------------------------------+------------------+


+---------------------------------------------------------------------------------------------------------------------------------------------------------------------------------------------------------------------------------------------------------------------------------------------------------------------------------------------+
; Analysis & Synthesis Resource Utilization by Entity                                                                                                                                                                                                                                                                                         ;
+----------------------------------------+---------------------+---------------------------+-------------+--------------+---------+-----------+------+--------------+--------------------------------------------------------------------------------------------------------------------------------------+-------------------+--------------+
; Compilation Hierarchy Node             ; Combinational ALUTs ; Dedicated Logic Registers ; Memory Bits ; DSP Elements ; DSP 9x9 ; DSP 18x18 ; Pins ; Virtual Pins ; Full Hierarchy Name                                                                                                                  ; Entity Name       ; Library Name ;
+----------------------------------------+---------------------+---------------------------+-------------+--------------+---------+-----------+------+--------------+--------------------------------------------------------------------------------------------------------------------------------------+-------------------+--------------+
; |ALU_NestedIfElse2                     ; 67 (27)             ; 0 (0)                     ; 0           ; 0            ; 0       ; 0         ; 15   ; 0            ; |ALU_NestedIfElse2                                                                                                                   ; ALU_NestedIfElse2 ; work         ;
;    |lpm_divide:Mod0|                   ; 40 (0)              ; 0 (0)                     ; 0           ; 0            ; 0       ; 0         ; 0    ; 0            ; |ALU_NestedIfElse2|lpm_divide:Mod0                                                                                                   ; lpm_divide        ; work         ;
;       |lpm_divide_ano:auto_generated|  ; 40 (0)              ; 0 (0)                     ; 0           ; 0            ; 0       ; 0         ; 0    ; 0            ; |ALU_NestedIfElse2|lpm_divide:Mod0|lpm_divide_ano:auto_generated                                                                     ; lpm_divide_ano    ; work         ;
;          |abs_divider_2ag:divider|     ; 40 (8)              ; 0 (0)                     ; 0           ; 0            ; 0       ; 0         ; 0    ; 0            ; |ALU_NestedIfElse2|lpm_divide:Mod0|lpm_divide_ano:auto_generated|abs_divider_2ag:divider                                             ; abs_divider_2ag   ; work         ;
;             |alt_u_div_24f:divider|    ; 27 (26)             ; 0 (0)                     ; 0           ; 0            ; 0       ; 0         ; 0    ; 0            ; |ALU_NestedIfElse2|lpm_divide:Mod0|lpm_divide_ano:auto_generated|abs_divider_2ag:divider|alt_u_div_24f:divider                       ; alt_u_div_24f     ; work         ;
;                |add_sub_8pc:add_sub_1| ; 1 (1)               ; 0 (0)                     ; 0           ; 0            ; 0       ; 0         ; 0    ; 0            ; |ALU_NestedIfElse2|lpm_divide:Mod0|lpm_divide_ano:auto_generated|abs_divider_2ag:divider|alt_u_div_24f:divider|add_sub_8pc:add_sub_1 ; add_sub_8pc       ; work         ;
;             |lpm_abs_1v9:my_abs_den|   ; 3 (3)               ; 0 (0)                     ; 0           ; 0            ; 0       ; 0         ; 0    ; 0            ; |ALU_NestedIfElse2|lpm_divide:Mod0|lpm_divide_ano:auto_generated|abs_divider_2ag:divider|lpm_abs_1v9:my_abs_den                      ; lpm_abs_1v9       ; work         ;
;             |lpm_abs_1v9:my_abs_num|   ; 2 (2)               ; 0 (0)                     ; 0           ; 0            ; 0       ; 0         ; 0    ; 0            ; |ALU_NestedIfElse2|lpm_divide:Mod0|lpm_divide_ano:auto_generated|abs_divider_2ag:divider|lpm_abs_1v9:my_abs_num                      ; lpm_abs_1v9       ; work         ;
+----------------------------------------+---------------------+---------------------------+-------------+--------------+---------+-----------+------+--------------+--------------------------------------------------------------------------------------------------------------------------------------+-------------------+--------------+
Note: For table entries with two numbers listed, the numbers in parentheses indicate the number of resources of the given type used by the specific entity alone. The numbers listed outside of parentheses indicate the total resources of the given type used by the specific entity and all of its sub-entities in the hierarchy.


+------------------------------------------------------+
; General Register Statistics                          ;
+----------------------------------------------+-------+
; Statistic                                    ; Value ;
+----------------------------------------------+-------+
; Total registers                              ; 0     ;
; Number of registers using Synchronous Clear  ; 0     ;
; Number of registers using Synchronous Load   ; 0     ;
; Number of registers using Asynchronous Clear ; 0     ;
; Number of registers using Asynchronous Load  ; 0     ;
; Number of registers using Clock Enable       ; 0     ;
; Number of registers using Preset             ; 0     ;
+----------------------------------------------+-------+


+-------------------------------------------------------------------------------------------------------------------------------------------+
; Multiplexer Restructuring Statistics (Restructuring Performed)                                                                            ;
+--------------------+-----------+---------------+----------------------+------------------------+------------+-----------------------------+
; Multiplexer Inputs ; Bus Width ; Baseline Area ; Area if Restructured ; Saving if Restructured ; Registered ; Example Multiplexer Output  ;
+--------------------+-----------+---------------+----------------------+------------------------+------------+-----------------------------+
; 6:1                ; 4 bits    ; 16 LEs        ; 12 LEs               ; 4 LEs                  ; No         ; |ALU_NestedIfElse2|OUTPUT_F ;
+--------------------+-----------+---------------+----------------------+------------------------+------------+-----------------------------+


+-----------------------------------------------------------------------------------+
; Parameter Settings for User Entity Instance: Top-level Entity: |ALU_NestedIfElse2 ;
+----------------+-------+----------------------------------------------------------+
; Parameter Name ; Value ; Type                                                     ;
+----------------+-------+----------------------------------------------------------+
; NUMBER_OF_BIT  ; 4     ; Signed Integer                                           ;
+----------------+-------+----------------------------------------------------------+
Note: In order to hide this table in the UI and the text report file, please set the "Show Parameter Settings in Synthesis Report" option in "Analysis and Synthesis Settings -> More Settings" to "Off".


+------------------------------------------------------------------+
; Parameter Settings for Inferred Entity Instance: lpm_divide:Mod0 ;
+------------------------+----------------+------------------------+
; Parameter Name         ; Value          ; Type                   ;
+------------------------+----------------+------------------------+
; LPM_WIDTHN             ; 4              ; Untyped                ;
; LPM_WIDTHD             ; 4              ; Untyped                ;
; LPM_NREPRESENTATION    ; SIGNED         ; Untyped                ;
; LPM_DREPRESENTATION    ; SIGNED         ; Untyped                ;
; LPM_PIPELINE           ; 0              ; Untyped                ;
; LPM_REMAINDERPOSITIVE  ; FALSE          ; Untyped                ;
; MAXIMIZE_SPEED         ; 5              ; Untyped                ;
; CBXI_PARAMETER         ; lpm_divide_ano ; Untyped                ;
; CARRY_CHAIN            ; MANUAL         ; Untyped                ;
; OPTIMIZE_FOR_SPEED     ; 5              ; Untyped                ;
; AUTO_CARRY_CHAINS      ; ON             ; AUTO_CARRY             ;
; IGNORE_CARRY_BUFFERS   ; OFF            ; IGNORE_CARRY           ;
; AUTO_CASCADE_CHAINS    ; ON             ; AUTO_CASCADE           ;
; IGNORE_CASCADE_BUFFERS ; OFF            ; IGNORE_CASCADE         ;
+------------------------+----------------+------------------------+
Note: In order to hide this table in the UI and the text report file, please set the "Show Parameter Settings in Synthesis Report" option in "Analysis and Synthesis Settings -> More Settings" to "Off".


+-----------------------------------------------------+
; Post-Synthesis Netlist Statistics for Top Partition ;
+-----------------------+-----------------------------+
; Type                  ; Count                       ;
+-----------------------+-----------------------------+
; boundary_port         ; 15                          ;
; cycloneiii_lcell_comb ; 67                          ;
;     arith             ; 13                          ;
;         3 data inputs ; 13                          ;
;     normal            ; 54                          ;
;         0 data inputs ; 2                           ;
;         2 data inputs ; 12                          ;
;         3 data inputs ; 13                          ;
;         4 data inputs ; 27                          ;
;                       ;                             ;
; Max LUT depth         ; 14.80                       ;
; Average LUT depth     ; 12.88                       ;
+-----------------------+-----------------------------+


+-------------------------------+
; Elapsed Time Per Partition    ;
+----------------+--------------+
; Partition Name ; Elapsed Time ;
+----------------+--------------+
; Top            ; 00:00:03     ;
+----------------+--------------+


+-------------------------------+
; Analysis & Synthesis Messages ;
+-------------------------------+
Info: *******************************************************************
Info: Running Quartus Prime Analysis & Synthesis
    Info: Version 22.1std.2 Build 922 07/20/2023 SC Lite Edition
    Info: Processing started: Fri Mar 15 20:31:58 2024
Info: Command: quartus_map --read_settings_files=on --write_settings_files=off IfElseProject -c IfElseProject
Warning (18236): Number of processors has not been specified which may cause overloading on shared machines.  Set the global assignment NUM_PARALLEL_PROCESSORS in your QSF to an appropriate value for best performance.
Info (20030): Parallel compilation is enabled and will use 4 of the 4 processors detected
Info (12021): Found 2 design units, including 1 entities, in source file //mac/allfiles/applications/codestuff/studyvhdl/edabk/homework/ifelsecases/alu_nestedifelse2.vhd
    Info (12022): Found design unit 1: ALU_NestedIfElse2-rtl File: //mac/AllFiles/Applications/CODESTUFF/StudyVHDL/EDABK/Homework/IfElseCases/ALU_NestedIfElse2.vhd Line: 16
    Info (12023): Found entity 1: ALU_NestedIfElse2 File: //mac/AllFiles/Applications/CODESTUFF/StudyVHDL/EDABK/Homework/IfElseCases/ALU_NestedIfElse2.vhd Line: 5
Info (12021): Found 2 design units, including 1 entities, in source file //mac/allfiles/applications/codestuff/studyvhdl/edabk/homework/ifelsecases/alu_caseifelse2.vhd
    Info (12022): Found design unit 1: ALU_CaseIfElse2-rtl File: //mac/AllFiles/Applications/CODESTUFF/StudyVHDL/EDABK/Homework/IfElseCases/ALU_CaseIfElse2.vhd Line: 16
    Info (12023): Found entity 1: ALU_CaseIfElse2 File: //mac/AllFiles/Applications/CODESTUFF/StudyVHDL/EDABK/Homework/IfElseCases/ALU_CaseIfElse2.vhd Line: 5
Info (12021): Found 2 design units, including 1 entities, in source file //mac/allfiles/applications/codestuff/studyvhdl/edabk/homework/ifelsecases/alu_nestedifelse.vhd
    Info (12022): Found design unit 1: ALU_NestedIfElse-rtl File: //mac/AllFiles/Applications/CODESTUFF/StudyVHDL/EDABK/Homework/IfElseCases/ALU_NestedIfElse.vhd Line: 16
    Info (12023): Found entity 1: ALU_NestedIfElse File: //mac/AllFiles/Applications/CODESTUFF/StudyVHDL/EDABK/Homework/IfElseCases/ALU_NestedIfElse.vhd Line: 5
Info (12021): Found 2 design units, including 1 entities, in source file //mac/allfiles/applications/codestuff/studyvhdl/edabk/homework/ifelsecases/alu_ifelse.vhd
    Info (12022): Found design unit 1: ALU_IfElse-rtl File: //mac/AllFiles/Applications/CODESTUFF/StudyVHDL/EDABK/Homework/IfElseCases/ALU_IfElse.vhd Line: 16
    Info (12023): Found entity 1: ALU_IfElse File: //mac/AllFiles/Applications/CODESTUFF/StudyVHDL/EDABK/Homework/IfElseCases/ALU_IfElse.vhd Line: 5
Info (12021): Found 2 design units, including 1 entities, in source file //mac/allfiles/applications/codestuff/studyvhdl/edabk/homework/ifelsecases/alu_caseifelse.vhd
    Info (12022): Found design unit 1: ALU_CaseIfElse-rtl File: //mac/AllFiles/Applications/CODESTUFF/StudyVHDL/EDABK/Homework/IfElseCases/ALU_CaseIfElse.vhd Line: 16
    Info (12023): Found entity 1: ALU_CaseIfElse File: //mac/AllFiles/Applications/CODESTUFF/StudyVHDL/EDABK/Homework/IfElseCases/ALU_CaseIfElse.vhd Line: 5
Info (12021): Found 2 design units, including 1 entities, in source file //mac/allfiles/applications/codestuff/studyvhdl/edabk/homework/ifelsecases/alu_case1.vhd
    Info (12022): Found design unit 1: ALU_Case1-rtl File: //mac/AllFiles/Applications/CODESTUFF/StudyVHDL/EDABK/Homework/IfElseCases/ALU_Case1.vhd Line: 16
    Info (12023): Found entity 1: ALU_Case1 File: //mac/AllFiles/Applications/CODESTUFF/StudyVHDL/EDABK/Homework/IfElseCases/ALU_Case1.vhd Line: 5
Info (12127): Elaborating entity "ALU_NestedIfElse2" for the top level hierarchy
Info (278001): Inferred 1 megafunctions from design logic
    Info (278004): Inferred divider/modulo megafunction ("lpm_divide") from the following logic: "Mod0" File: //mac/AllFiles/Applications/CODESTUFF/StudyVHDL/EDABK/Homework/IfElseCases/ALU_NestedIfElse2.vhd Line: 26
Info (12130): Elaborated megafunction instantiation "lpm_divide:Mod0" File: //mac/AllFiles/Applications/CODESTUFF/StudyVHDL/EDABK/Homework/IfElseCases/ALU_NestedIfElse2.vhd Line: 26
Info (12133): Instantiated megafunction "lpm_divide:Mod0" with the following parameter: File: //mac/AllFiles/Applications/CODESTUFF/StudyVHDL/EDABK/Homework/IfElseCases/ALU_NestedIfElse2.vhd Line: 26
    Info (12134): Parameter "LPM_WIDTHN" = "4"
    Info (12134): Parameter "LPM_WIDTHD" = "4"
    Info (12134): Parameter "LPM_NREPRESENTATION" = "SIGNED"
    Info (12134): Parameter "LPM_DREPRESENTATION" = "SIGNED"
    Info (12134): Parameter "LPM_HINT" = "LPM_REMAINDERPOSITIVE=FALSE"
Info (12021): Found 1 design units, including 1 entities, in source file db/lpm_divide_ano.tdf
    Info (12023): Found entity 1: lpm_divide_ano File: //mac/AllFiles/Applications/CODESTUFF/StudyVHDL/EDABK/Homework/IfElseCases/Quartus/db/lpm_divide_ano.tdf Line: 25
Info (12021): Found 1 design units, including 1 entities, in source file db/abs_divider_2ag.tdf
    Info (12023): Found entity 1: abs_divider_2ag File: //mac/AllFiles/Applications/CODESTUFF/StudyVHDL/EDABK/Homework/IfElseCases/Quartus/db/abs_divider_2ag.tdf Line: 27
Info (12021): Found 1 design units, including 1 entities, in source file db/alt_u_div_24f.tdf
    Info (12023): Found entity 1: alt_u_div_24f File: //mac/AllFiles/Applications/CODESTUFF/StudyVHDL/EDABK/Homework/IfElseCases/Quartus/db/alt_u_div_24f.tdf Line: 27
Info (12021): Found 1 design units, including 1 entities, in source file db/add_sub_7pc.tdf
    Info (12023): Found entity 1: add_sub_7pc File: //mac/AllFiles/Applications/CODESTUFF/StudyVHDL/EDABK/Homework/IfElseCases/Quartus/db/add_sub_7pc.tdf Line: 23
Info (12021): Found 1 design units, including 1 entities, in source file db/add_sub_8pc.tdf
    Info (12023): Found entity 1: add_sub_8pc File: //mac/AllFiles/Applications/CODESTUFF/StudyVHDL/EDABK/Homework/IfElseCases/Quartus/db/add_sub_8pc.tdf Line: 23
Info (12021): Found 1 design units, including 1 entities, in source file db/lpm_abs_1v9.tdf
    Info (12023): Found entity 1: lpm_abs_1v9 File: //mac/AllFiles/Applications/CODESTUFF/StudyVHDL/EDABK/Homework/IfElseCases/Quartus/db/lpm_abs_1v9.tdf Line: 23
Info (286030): Timing-Driven Synthesis is running
Info (16010): Generating hard_block partition "hard_block:auto_generated_inst"
    Info (16011): Adding 0 node(s), including 0 DDIO, 0 PLL, 0 transceiver and 0 LCELL
Info (21057): Implemented 82 device resources after synthesis - the final resource count might be different
    Info (21058): Implemented 11 input pins
    Info (21059): Implemented 4 output pins
    Info (21061): Implemented 67 logic cells
Info: Quartus Prime Analysis & Synthesis was successful. 0 errors, 1 warning
    Info: Peak virtual memory: 13321 megabytes
    Info: Processing ended: Fri Mar 15 20:32:26 2024
    Info: Elapsed time: 00:00:28
    Info: Total CPU time (on all processors): 00:00:55


