Flow report for AES_Encrypt
Thu Feb 29 02:25:58 2024
Quartus Prime Version 22.1std.2 Build 922 07/20/2023 SC Lite Edition


---------------------
; Table of Contents ;
---------------------
  1. Legal Notice
  2. Flow Summary
  3. Flow Settings
  4. Flow Non-Default Global Settings
  5. Flow Elapsed Time
  6. Flow OS Summary
  7. Flow Log
  8. Flow Messages
  9. Flow Suppressed Messages



----------------
; Legal Notice ;
----------------
Copyright (C) 2023  Intel Corporation. All rights reserved.
Your use of Intel Corporation's design tools, logic functions 
and other software and tools, and any partner logic 
functions, and any output files from any of the foregoing 
(including device programming or simulation files), and any 
associated documentation or information are expressly subject 
to the terms and conditions of the Intel Program License 
Subscription Agreement, the Intel Quartus Prime License Agreement,
the Intel FPGA IP License Agreement, or other applicable license
agreement, including, without limitation, that your use is for
the sole purpose of programming logic devices manufactured by
Intel and sold by Intel or its authorized distributors.  Please
refer to the applicable agreement for further details, at
https://fpgasoftware.intel.com/eula.



+----------------------------------------------------------------------------------+
; Flow Summary                                                                     ;
+---------------------------------+------------------------------------------------+
; Flow Status                     ; Successful - Thu Feb 29 02:25:58 2024          ;
; Quartus Prime Version           ; 22.1std.2 Build 922 07/20/2023 SC Lite Edition ;
; Revision Name                   ; AES_Encrypt                                    ;
; Top-level Entity Name           ; AESEncrypt                                     ;
; Family                          ; Cyclone V                                      ;
; Device                          ; 5CGTFD9E5F35C7                                 ;
; Timing Models                   ; Final                                          ;
; Logic utilization (in ALMs)     ; 1,877 / 113,560 ( 2 % )                        ;
; Total registers                 ; 3973                                           ;
; Total pins                      ; 388 / 616 ( 63 % )                             ;
; Total virtual pins              ; 0                                              ;
; Total block memory bits         ; 0 / 12,492,800 ( 0 % )                         ;
; Total DSP Blocks                ; 0 / 342 ( 0 % )                                ;
; Total HSSI RX PCSs              ; 0 / 12 ( 0 % )                                 ;
; Total HSSI PMA RX Deserializers ; 0 / 12 ( 0 % )                                 ;
; Total HSSI TX PCSs              ; 0 / 12 ( 0 % )                                 ;
; Total HSSI PMA TX Serializers   ; 0 / 12 ( 0 % )                                 ;
; Total PLLs                      ; 0 / 20 ( 0 % )                                 ;
; Total DLLs                      ; 0 / 4 ( 0 % )                                  ;
+---------------------------------+------------------------------------------------+


+-----------------------------------------+
; Flow Settings                           ;
+-------------------+---------------------+
; Option            ; Setting             ;
+-------------------+---------------------+
; Start date & time ; 02/29/2024 02:01:36 ;
; Main task         ; Compilation         ;
; Revision Name     ; AES_Encrypt         ;
+-------------------+---------------------+


+------------------------------------------------------------------------------------------------------------------------------------------------+
; Flow Non-Default Global Settings                                                                                                               ;
+-------------------------------------+----------------------------------------+---------------+-------------+-----------------------------------+
; Assignment Name                     ; Value                                  ; Default Value ; Entity Name ; Section Id                        ;
+-------------------------------------+----------------------------------------+---------------+-------------+-----------------------------------+
; COMPILER_SIGNATURE_ID               ; 121372819944.170914689502252           ; --            ; --          ; --                                ;
; EDA_GENERATE_FUNCTIONAL_NETLIST     ; Off                                    ; --            ; --          ; eda_board_design_timing           ;
; EDA_GENERATE_FUNCTIONAL_NETLIST     ; Off                                    ; --            ; --          ; eda_board_design_boundary_scan    ;
; EDA_GENERATE_FUNCTIONAL_NETLIST     ; Off                                    ; --            ; --          ; eda_board_design_signal_integrity ;
; EDA_GENERATE_FUNCTIONAL_NETLIST     ; Off                                    ; --            ; --          ; eda_board_design_symbol           ;
; EDA_NETLIST_WRITER_OUTPUT_DIR       ; simulation/questa                      ; --            ; --          ; eda_simulation                    ;
; EDA_OUTPUT_DATA_FORMAT              ; Verilog Hdl                            ; --            ; --          ; eda_simulation                    ;
; EDA_SIMULATION_TOOL                 ; Questa Intel FPGA (Verilog)            ; <None>        ; --          ; --                                ;
; EDA_TIME_SCALE                      ; 1 ps                                   ; --            ; --          ; eda_simulation                    ;
; MAX_CORE_JUNCTION_TEMP              ; 85                                     ; --            ; --          ; --                                ;
; MIN_CORE_JUNCTION_TEMP              ; 0                                      ; --            ; --          ; --                                ;
; PARTITION_COLOR                     ; -- (Not supported for targeted family) ; --            ; AESEncrypt  ; Top                               ;
; PARTITION_FITTER_PRESERVATION_LEVEL ; -- (Not supported for targeted family) ; --            ; AESEncrypt  ; Top                               ;
; PARTITION_NETLIST_TYPE              ; -- (Not supported for targeted family) ; --            ; AESEncrypt  ; Top                               ;
; POWER_BOARD_THERMAL_MODEL           ; None (CONSERVATIVE)                    ; --            ; --          ; --                                ;
; POWER_PRESET_COOLING_SOLUTION       ; 23 MM HEAT SINK WITH 200 LFPM AIRFLOW  ; --            ; --          ; --                                ;
; PROJECT_OUTPUT_DIRECTORY            ; output_files                           ; --            ; --          ; --                                ;
; TOP_LEVEL_ENTITY                    ; AESEncrypt                             ; AES_Encrypt   ; --          ; --                                ;
; VHDL_INPUT_VERSION                  ; VHDL_2008                              ; VHDL_1993     ; --          ; --                                ;
; VHDL_SHOW_LMF_MAPPING_MESSAGES      ; Off                                    ; --            ; --          ; --                                ;
+-------------------------------------+----------------------------------------+---------------+-------------+-----------------------------------+


+--------------------------------------------------------------------------------------------------------------------------+
; Flow Elapsed Time                                                                                                        ;
+----------------------+--------------+-------------------------+---------------------+------------------------------------+
; Module Name          ; Elapsed Time ; Average Processors Used ; Peak Virtual Memory ; Total CPU Time (on all processors) ;
+----------------------+--------------+-------------------------+---------------------+------------------------------------+
; Analysis & Synthesis ; 00:00:50     ; 1.0                     ; 13435 MB            ; 00:01:13                           ;
; Fitter               ; 00:17:07     ; 1.0                     ; 15646 MB            ; 00:21:16                           ;
; Assembler            ; 00:00:40     ; 1.0                     ; 14391 MB            ; 00:00:36                           ;
; Timing Analyzer      ; 00:05:23     ; 1.1                     ; 14045 MB            ; 00:05:43                           ;
; EDA Netlist Writer   ; 00:00:05     ; 1.0                     ; 13242 MB            ; 00:00:04                           ;
; Total                ; 00:24:05     ; --                      ; --                  ; 00:28:52                           ;
+----------------------+--------------+-------------------------+---------------------+------------------------------------+


+------------------------------------------------------------------------------------+
; Flow OS Summary                                                                    ;
+----------------------+------------------+------------+------------+----------------+
; Module Name          ; Machine Hostname ; OS Name    ; OS Version ; Processor type ;
+----------------------+------------------+------------+------------+----------------+
; Analysis & Synthesis ; OVNQUYT3CED      ; Windows 10 ; 10.0       ; x86_64         ;
; Fitter               ; OVNQUYT3CED      ; Windows 10 ; 10.0       ; x86_64         ;
; Assembler            ; OVNQUYT3CED      ; Windows 10 ; 10.0       ; x86_64         ;
; Timing Analyzer      ; OVNQUYT3CED      ; Windows 10 ; 10.0       ; x86_64         ;
; EDA Netlist Writer   ; OVNQUYT3CED      ; Windows 10 ; 10.0       ; x86_64         ;
+----------------------+------------------+------------+------------+----------------+


------------
; Flow Log ;
------------
quartus_map --read_settings_files=on --write_settings_files=off AES_Encrypt -c AES_Encrypt
quartus_fit --read_settings_files=off --write_settings_files=off AES_Encrypt -c AES_Encrypt
quartus_asm --read_settings_files=off --write_settings_files=off AES_Encrypt -c AES_Encrypt
quartus_sta AES_Encrypt -c AES_Encrypt
quartus_eda --read_settings_files=off --write_settings_files=off AES_Encrypt -c AES_Encrypt



